C251 COMPILER V5.60.0,  ModBusDev                                                          11/05/24  16:37:36  PAGE 1   


C251 COMPILER V5.60.0, COMPILATION OF MODULE ModBusDev
OBJECT MODULE PLACED IN .\obj\ModBusDev.obj
COMPILER INVOKED BY: D:\Tool\Keilc251\C251\BIN\C251.EXE ModBus\ModBusDev.c XSMALL OPTIMIZE(0,SPEED) BROWSE INCDIR(.\Flas
                    -h;.\Uart;.\ModBus;..\FixSamp8_Conbinet) PRINT(.\obj\ModBusDev.lst) OBJECT(.\obj\ModBusDev.obj) 

stmt  level    source

    1          #include <stdio.h>
    2          #include <stdlib.h>
    3          #include <string.h>
    4          
    5          
    6          #include "main.h"
    7          #include "ModBus.h"
    8          #include "ModBusDev.h"
    9          #include "uart.h"
   10          
   11          
   12          MODBUS_PARAM xdata ModBusParam;
   13          MODBUS_STATUS xdata ModBusStatus;
   14          MODBUS_INFO xdata ModBusInfo;
   15          
   16          HOST_SEND_FRAME xdata  HostSendFrame;   // 发送帧
   17          DEVICE_READ_ACK xdata  ReadAckFrame;    // 读接收帧
   18          DEVICE_WRITE_ACK xdata WriteAckFrame;  // 写接收帧c
   19          
   20          
   21          
   22          /*
   23          ModBus 帧格式
   24          1. 发送帧
   25          地址           命令     寄存器    寄存器数量    数据                                             CRC   
   26          0A(固定值)     Cmd(1)   RX(2)     n(2)          无数据表示读取、有数据表示写对应的寄存器 
   27          
   28          数据定义:  长度 + 数据
   29                     n*2    dat(n*2)
   30          
   31          2. 应答帧 -- 返回数据
   32          地址           命令   数据长度    数据      CRC   
   33          0A(固定值)     Cmd    n(1)        dat(n)
   34          
   35          3. 应答帧 -- 返回状态
   36          地址           命令   寄存器   寄存器数量     CRC   
   37          0A(固定值)     Cmd    Rx(2)    n(2)                       
   38          */
   39          
   40          
   41          DEVICE_READ_ACK xdata  DevReadAck;   
   42          DEVICE_WRITE_ACK xdata DevWriteAck;
   43          
   44          HOST_SEND_FRAME xdata RecvFrame;   
   45          
   46          
   47          // 把浮点数转换为大端打包到发送数据区
   48          void PackageFloatValue(WORD Offset, float val)
   49          {
   50   1          BYTE temp[4] = {0};
   51   1          FloatToBytes(val,temp);
   52   1          memcpy(&DevReadAck.Data[Offset], temp, 4);  
   53   1      }
   54          
   55          void PackageDWordValue(WORD Offset, DWORD val)
   56          {
   57   1          DWORD temp;
   58   1          temp = SwEndian(val);
C251 COMPILER V5.60.0,  ModBusDev                                                          11/05/24  16:37:36  PAGE 2   

   59   1          memcpy(&DevReadAck.Data[Offset], &temp, 4);  
   60   1      }
   61          
   62          
   63          void PackageWordValue(WORD Offset, WORD val)
   64          {
   65   1          BYTE temp[2] = {0};
   66   1          temp[0] = (BYTE)(val >> 8);
   67   1          temp[1] = (BYTE)val;
   68   1          memcpy(&DevReadAck.Data[Offset], temp, 2);  
   69   1      }
   70          
   71          //保存读数据
   72          void ModBusSave()
   73          {
   74   1          BYTE i = 0;     
   75   1          RunStatus.SlaveRun = ModBusParam.RunStatus; 
   76   1          SysParam.ChModeCtl = ModBusParam.ChModeCtl; 
   77   1          for(i = 0;i<8;i++)
   78   1          {
   79   2              RunStatus.Alarm[i] = ModBusParam.Alarm[i];
   80   2          }
   81   1          
   82   1          WriteParam();
   83   1      }
   84          
   85          
   86          
   87          //从设备读应答处理
   88          BYTE ReadAck()
   89          {
   90   1          WORD i = 0;
   91   1          WORD reg = 0;   
   92   1          if(ReadAckFrame.DataLen <= 0)
   93   1          {
   94   2              return false;
   95   2          }
   96   1          memcpy(&reg, &ReadAckFrame.Data[0], 2);
   97   1          if(reg == RemRegAddr.SypAddr)
   98   1          { 
   99   2              memcpy(&ModBusParam, ReadAckFrame.Data, sizeof(MODBUS_PARAM));
  100   2          }
  101   1      
  102   1          ModBusSave();
  103   1          return true;
  104   1      }
  105          
  106          
  107          //写应答处理
  108          bool WriteAckDev()
  109          {
  110   1         //if (WriteAckFrame.Crc == 0)
  111   1         //{
  112   1             //return;
  113   1         //}
  114   1      
  115   1         return true;
  116   1      }
  117          
  118          void HndModBusRecv(BYTE *buf, BYTE len)
  119          {
  120   1          if (!ValidRtuFrame(buf, len))
  121   1          {
  122   2              return;
  123   2          }
  124   1          
C251 COMPILER V5.60.0,  ModBusDev                                                          11/05/24  16:37:36  PAGE 3   

  125   1          memset(&ReadAckFrame, 0, sizeof(DEVICE_READ_ACK));
  126   1          memset(&WriteAckFrame, 0, sizeof(DEVICE_WRITE_ACK));
  127   1          if(buf[0]!= 2)//SysParam.Address)
  128   1          {
  129   2              return;
  130   2          }
  131   1          switch(buf[1])
  132   1          {
  133   2              case CMD_READ_REG:
  134   2              {
  135   3                  memcpy(&ReadAckFrame, buf, len);
  136   3                  ReadAck(); 
  137   3                  break;     
  138   3              }
  139   2              case CMD_WRITE_REG:
  140   2              {
  141   3                  memcpy(&WriteAckFrame, buf, len);
  142   3                  WriteAckDev(); 
  143   3                  break;
  144   3              }
  145   2          }
  146   1      
  147   1      }
  148          
  149          


Module Information          Static   Overlayable
------------------------------------------------
  code size            =       533     ------
  ecode size           =    ------     ------
  data size            =    ------     ------
  idata size           =    ------     ------
  pdata size           =    ------     ------
  xdata size           =      1120     ------
  xdata-const size     =    ------     ------
  edata size           =        36     ------
  bit size             =    ------     ------
  ebit size            =    ------     ------
  bitaddressable size  =    ------     ------
  ebitaddressable size =    ------     ------
  far data size        =    ------     ------
  huge data size       =    ------     ------
  const size           =    ------     ------
  hconst size          =         6     ------
End of Module Information.


C251 COMPILATION COMPLETE.  0 WARNING(S),  0 ERROR(S)
